<?xml version="1.0" encoding="UTF-8"?>
<!-- Generated by org.testng.reporters.JUnitReportReporter -->
<testsuite skipped="0" hostname="DESKTOP-CK5OVN5" name="Testng.Practice" tests="1" failures="0" timestamp="2020-09-15T16:50:00 IST" time="5.378" errors="0">
  <testcase name="getrequest" time="5.378" classname="Testng.Practice"/>
  <system-out/>
</testsuite> <!-- Testng.Practice -->
