<?xml version="1.0" encoding="UTF-8"?>
<!-- Generated by org.testng.reporters.JUnitReportReporter -->
<testsuite skipped="0" hostname="DESKTOP-CK5OVN5" name="Testng.Apichaining" tests="3" failures="0" timestamp="2020-09-16T18:09:53 IST" time="8.441" errors="0">
  <testcase name="getrequest" time="4.366" classname="Testng.Apichaining"/>
  <system-out/>
  <testcase name="getreq" time="2.516" classname="Testng.Apichaining"/>
  <system-out/>
  <testcase name="putreq" time="1.559" classname="Testng.Apichaining"/>
  <system-out/>
</testsuite> <!-- Testng.Apichaining -->
